WARNING ⚠️ no model scale passed. Assuming scale='n'.
Ultralytics 8.3.71 🚀 Python-3.10.16 torch-2.11.0+cu130 CUDA:0 (NVIDIA GeForce RTX 4090, 24081MiB)
[34m[1mengine/trainer: [0mtask=segment, mode=train, model=yolov8-seg-cheap.yaml, data=./coco_style_fourclass/yolo_dataset_seg/dataset.yaml, epochs=36, time=None, patience=100, batch=16, imgsz=640, save=True, save_period=-1, cache=False, device=0, workers=8, project=./runs/, name=lscd_segmentation_20260512195958, exist_ok=False, pretrained=False, optimizer=AdamW, verbose=True, seed=0, deterministic=True, single_cls=False, rect=False, cos_lr=False, close_mosaic=10, resume=False, amp=True, fraction=1.0, profile=False, freeze=None, multi_scale=False, overlap_mask=True, mask_ratio=4, boundary=1.2, boundary_width=7, dropout=0.0, val=True, split=val, save_json=False, save_hybrid=False, conf=0.25, iou=0.7, max_det=300, half=False, dnn=False, plots=True, source=None, vid_stride=1, stream_buffer=False, visualize=False, augment=False, agnostic_nms=False, classes=None, retina_masks=False, embed=None, show=False, save_frames=False, save_txt=False, save_conf=False, save_crop=False, show_labels=True, show_conf=True, show_boxes=True, line_width=None, format=torchscript, keras=False, optimize=False, int8=False, dynamic=False, simplify=True, opset=None, workspace=None, nms=False, lr0=0.01, lrf=0.01, momentum=0.937, weight_decay=0.0005, warmup_epochs=3.0, warmup_momentum=0.8, warmup_bias_lr=0.1, box=7.5, cls=0.5, dfl=1.5, pose=12.0, kobj=1.0, nbs=64, hsv_h=0.015, hsv_s=0.7, hsv_v=0.4, degrees=0.0, translate=0.1, scale=0.5, shear=0.0, perspective=0.0, flipud=0.0, fliplr=0.5, bgr=0.0, mosaic=1.0, mixup=0.1, copy_paste=0.1, copy_paste_mode=flip, auto_augment=randaugment, erasing=0.4, crop_fraction=1.0, cfg=None, tracker=botsort.yaml, save_dir=runs/lscd_segmentation_20260512195958
Overriding model.yaml nc=80 with nc=4
WARNING ⚠️ no model scale passed. Assuming scale='n'.

                   from  n    params  module                                       arguments                     
  0                  -1  1       544  ultralytics.nn.modules.conv.RepConv          [3, 16, 3, 2]                 
  1                  -1  1      3936  ultralytics.nn.modules.conv.RepConv          [16, 24, 3, 2]                
  2                  -1  1      7854  ultralytics.nn.modules.block.CheapC1         [24, 24, 1, 'UIB', 'CheapConv']
  3                  -1  1     11712  ultralytics.nn.modules.conv.RepConv          [24, 48, 3, 2]                
  4                  -1  1     28830  ultralytics.nn.modules.block.CheapC1         [48, 48, 1, 'UIB', 'CheapConv']
  5                  -1  1     46464  ultralytics.nn.modules.conv.RepConv          [48, 96, 3, 2]                
  6                  -1  3    311628  ultralytics.nn.modules.block.CheapC1         [96, 96, 3, 'UIB', 'CheapConv']
  7                  -1  1    185088  ultralytics.nn.modules.conv.RepConv          [96, 192, 3, 2]               
  8                  -1  1    430248  ultralytics.nn.modules.block.CheapC1         [192, 192, 1, 'UIB', 'CheapConv']
  9                  -1  1     92736  ultralytics.nn.modules.block.SPPF            [192, 192, 5]                 
 10                  -1  1         0  torch.nn.modules.upsampling.Upsample         [None, 2, 'nearest']          
 11             [-1, 6]  1         0  ultralytics.nn.modules.conv.Concat           [1]                           
 12                  -1  1    128580  ultralytics.nn.modules.block.CheapC1         [288, 96, 1, 'UIB', 'CheapConv']
 13                  -1  1         0  torch.nn.modules.upsampling.Upsample         [None, 2, 'nearest']          
 14             [-1, 4]  1         0  ultralytics.nn.modules.conv.Concat           [1]                           
 15                  -1  1     33438  ultralytics.nn.modules.block.CheapC1         [144, 48, 1, 'UIB', 'CheapConv']
 16                  -1  1     23232  ultralytics.nn.modules.conv.RepConv          [48, 48, 3, 2]                
 17            [-1, 12]  1         0  ultralytics.nn.modules.conv.Concat           [1]                           
 18                  -1  1    114756  ultralytics.nn.modules.block.CheapC1         [144, 96, 1, 'UIB', 'CheapConv']
 19                  -1  1     92544  ultralytics.nn.modules.conv.RepConv          [96, 96, 3, 2]                
 20             [-1, 9]  1         0  ultralytics.nn.modules.conv.Concat           [1]                           
 21                  -1  1    448680  ultralytics.nn.modules.block.CheapC1         [288, 192, 1, 'UIB', 'CheapConv']
 22        [15, 18, 21]  1    737212  ultralytics.nn.modules.head.Segment          [4, 32, 64, [48, 96, 192]]    
YOLOv8-seg-cheap summary: 440 layers, 2,697,482 parameters, 2,697,466 gradients, 10.6 GFLOPs

Freezing layer 'model.22.dfl.conv.weight'
[34m[1mAMP: [0mrunning Automatic Mixed Precision (AMP) checks...
[34m[1mAMP: [0mchecks passed ✅

[34m[1mval: [0mWARNING ⚠️ /root/pack/YOLO/coco_style_fourclass/yolo_dataset_seg/images/val/w (309).jpg: corrupt JPEG restored and saved
_style_fourclass/yolo_dataset_seg/images/val/w (81).jpg: corrupt JPEG restored and saved
[34m[1mval: [0mWARNING ⚠️ /root/pack/YOLO/coco_style_fourclass/yolo_dataset_seg/images/val/w (84).jpg: corrupt JPEG restored and saved
Plotting labels to runs/lscd_segmentation_20260512195958/labels.jpg... 
[34m[1moptimizer:[0m AdamW(lr=0.01, momentum=0.937) with parameter groups 85 weight(decay=0.0), 156 weight(decay=0.0005), 175 bias(decay=0.0)
[34m[1mMLflow: [0mlogging run_id(06b6397f601f4a4ca71fc1de485eee4a) to http://localhost:5001
[34m[1mMLflow: [0mdisable with 'yolo settings mlflow=False'
Image sizes 640 train, 640 val
Using 8 dataloader workers
Logging results to [1mruns/lscd_segmentation_20260512195958[0m
Starting training for 36 epochs...

      Epoch    GPU_mem   box_loss   seg_loss   cls_loss   dfl_loss  Instances       Size
[边界感知损失-GPU优化版] 已启用，boundary_weight=1.2
[边界感知损失-GPU优化版] 已启用，boundary_weight=1.2
                   all        999      10386      0.317      0.206      0.223      0.166      0.318      0.207      0.224      0.169

      Epoch    GPU_mem   box_loss   seg_loss   cls_loss   dfl_loss  Instances       Size
                   all        999      10386      0.302       0.53      0.392      0.321      0.305      0.532      0.395      0.312

      Epoch    GPU_mem   box_loss   seg_loss   cls_loss   dfl_loss  Instances       Size
                   all        999      10386      0.423      0.605      0.532      0.451      0.429      0.604      0.535      0.445

      Epoch    GPU_mem   box_loss   seg_loss   cls_loss   dfl_loss  Instances       Size
                   all        999      10386      0.566      0.604      0.583      0.502      0.568      0.606      0.586      0.496

      Epoch    GPU_mem   box_loss   seg_loss   cls_loss   dfl_loss  Instances       Size
                   all        999      10386      0.589      0.635      0.635      0.554      0.591      0.637      0.637      0.554

      Epoch    GPU_mem   box_loss   seg_loss   cls_loss   dfl_loss  Instances       Size
                   all        999      10386      0.534      0.621      0.606      0.526      0.535      0.622      0.609      0.525

      Epoch    GPU_mem   box_loss   seg_loss   cls_loss   dfl_loss  Instances       Size
                   all        999      10386      0.634      0.666      0.683      0.601      0.633      0.669      0.685      0.596

      Epoch    GPU_mem   box_loss   seg_loss   cls_loss   dfl_loss  Instances       Size
                   all        999      10386      0.627      0.654      0.669       0.59      0.628      0.655       0.67      0.592

      Epoch    GPU_mem   box_loss   seg_loss   cls_loss   dfl_loss  Instances       Size
                   all        999      10386      0.635      0.659      0.673      0.605      0.634      0.662      0.674      0.605

      Epoch    GPU_mem   box_loss   seg_loss   cls_loss   dfl_loss  Instances       Size
                   all        999      10386      0.645      0.681      0.699      0.623      0.645      0.681      0.699      0.618

      Epoch    GPU_mem   box_loss   seg_loss   cls_loss   dfl_loss  Instances       Size
                   all        999      10386      0.674      0.691      0.721      0.645      0.676      0.693      0.724      0.648

      Epoch    GPU_mem   box_loss   seg_loss   cls_loss   dfl_loss  Instances       Size
                   all        999      10386      0.691      0.687      0.713      0.648      0.693      0.689      0.715      0.644

      Epoch    GPU_mem   box_loss   seg_loss   cls_loss   dfl_loss  Instances       Size
                   all        999      10386       0.66      0.692      0.718      0.642      0.663      0.693      0.721      0.638

      Epoch    GPU_mem   box_loss   seg_loss   cls_loss   dfl_loss  Instances       Size
                   all        999      10386       0.68      0.709      0.745      0.673      0.685      0.708      0.746      0.672

      Epoch    GPU_mem   box_loss   seg_loss   cls_loss   dfl_loss  Instances       Size
                   all        999      10386      0.682       0.73       0.75      0.678      0.685      0.732      0.754      0.677

      Epoch    GPU_mem   box_loss   seg_loss   cls_loss   dfl_loss  Instances       Size
                   all        999      10386      0.708      0.721      0.756      0.687      0.709      0.723      0.757      0.688

      Epoch    GPU_mem   box_loss   seg_loss   cls_loss   dfl_loss  Instances       Size
                   all        999      10386       0.72      0.727       0.76      0.692      0.722      0.729      0.763      0.689

      Epoch    GPU_mem   box_loss   seg_loss   cls_loss   dfl_loss  Instances       Size
                   all        999      10386      0.738      0.723      0.769      0.699       0.74      0.724       0.77      0.698

      Epoch    GPU_mem   box_loss   seg_loss   cls_loss   dfl_loss  Instances       Size
                   all        999      10386      0.707      0.732      0.759      0.692      0.704      0.737      0.762      0.687

      Epoch    GPU_mem   box_loss   seg_loss   cls_loss   dfl_loss  Instances       Size
                   all        999      10386      0.722      0.732      0.767        0.7      0.723      0.733      0.768      0.697

      Epoch    GPU_mem   box_loss   seg_loss   cls_loss   dfl_loss  Instances       Size
                   all        999      10386      0.723      0.735      0.767      0.706      0.722      0.736      0.767      0.702

      Epoch    GPU_mem   box_loss   seg_loss   cls_loss   dfl_loss  Instances       Size
                   all        999      10386      0.744      0.735      0.778      0.713      0.745      0.736      0.779      0.706

      Epoch    GPU_mem   box_loss   seg_loss   cls_loss   dfl_loss  Instances       Size
                   all        999      10386      0.729      0.749      0.776      0.712      0.731      0.748      0.778      0.707

      Epoch    GPU_mem   box_loss   seg_loss   cls_loss   dfl_loss  Instances       Size
                   all        999      10386      0.742      0.739      0.775      0.713      0.743       0.74      0.777      0.709

      Epoch    GPU_mem   box_loss   seg_loss   cls_loss   dfl_loss  Instances       Size
                   all        999      10386      0.732       0.75      0.784       0.72      0.732      0.752      0.785      0.715

      Epoch    GPU_mem   box_loss   seg_loss   cls_loss   dfl_loss  Instances       Size
                   all        999      10386      0.747      0.745      0.785      0.722      0.748      0.746      0.786      0.719
Closing dataloader mosaic

      Epoch    GPU_mem   box_loss   seg_loss   cls_loss   dfl_loss  Instances       Size
                   all        999      10386      0.752      0.747      0.794      0.726      0.753      0.748      0.795      0.725

      Epoch    GPU_mem   box_loss   seg_loss   cls_loss   dfl_loss  Instances       Size
                   all        999      10386      0.748      0.752      0.792       0.73      0.748      0.756      0.793      0.722

      Epoch    GPU_mem   box_loss   seg_loss   cls_loss   dfl_loss  Instances       Size
                   all        999      10386      0.756      0.752      0.793      0.734      0.757      0.754      0.794      0.729

      Epoch    GPU_mem   box_loss   seg_loss   cls_loss   dfl_loss  Instances       Size
                   all        999      10386      0.758      0.761      0.799       0.74      0.759      0.762        0.8      0.735

      Epoch    GPU_mem   box_loss   seg_loss   cls_loss   dfl_loss  Instances       Size
                   all        999      10386      0.765      0.765      0.807      0.749      0.765      0.765      0.808       0.74

      Epoch    GPU_mem   box_loss   seg_loss   cls_loss   dfl_loss  Instances       Size
                   all        999      10386      0.787      0.754      0.812      0.752      0.788      0.755      0.813      0.744

      Epoch    GPU_mem   box_loss   seg_loss   cls_loss   dfl_loss  Instances       Size
                   all        999      10386      0.762      0.775      0.813      0.755      0.762      0.776      0.814      0.748

      Epoch    GPU_mem   box_loss   seg_loss   cls_loss   dfl_loss  Instances       Size
                   all        999      10386       0.77      0.772      0.819      0.761      0.772      0.773      0.821      0.754

      Epoch    GPU_mem   box_loss   seg_loss   cls_loss   dfl_loss  Instances       Size
                   all        999      10386      0.777      0.767      0.816      0.759      0.778      0.768      0.817       0.75

      Epoch    GPU_mem   box_loss   seg_loss   cls_loss   dfl_loss  Instances       Size
                   all        999      10386      0.779      0.774      0.821      0.764       0.78      0.776      0.822      0.754

36 epochs completed in 0.733 hours.
Optimizer stripped from runs/lscd_segmentation_20260512195958/weights/last.pt, 5.8MB
Optimizer stripped from runs/lscd_segmentation_20260512195958/weights/best.pt, 5.8MB

Validating runs/lscd_segmentation_20260512195958/weights/best.pt...
Ultralytics 8.3.71 🚀 Python-3.10.16 torch-2.11.0+cu130 CUDA:0 (NVIDIA GeForce RTX 4090, 24081MiB)
YOLOv8-seg-cheap summary: 360 layers, 2,657,674 parameters, 0 gradients, 10.4 GFLOPs
                   all        999      10386      0.779      0.774      0.821      0.764       0.78      0.776      0.822      0.754
      Carton-inner-all        473       2054      0.827      0.798       0.87      0.827      0.827      0.798       0.87      0.813
Carton-inner-occlusion        547       2408      0.778      0.805      0.832      0.773      0.779      0.807      0.832      0.752
      Carton-outer-all        839       4182      0.844      0.886      0.919      0.861      0.843      0.886      0.918      0.863
Carton-outer-occlusion        699       1742      0.667      0.608      0.663      0.596      0.671      0.612      0.666      0.589
Speed: 0.1ms preprocess, 0.7ms inference, 0.0ms loss, 0.7ms postprocess per image
Results saved to [1mruns/lscd_segmentation_20260512195958[0m
🏃 View run lscd_segmentation_20260512195958 at: http://localhost:5001/#/experiments/328792459250059340/runs/06b6397f601f4a4ca71fc1de485eee4a
🧪 View experiment at: http://localhost:5001/#/experiments/328792459250059340
[34m[1mMLflow: [0mresults logged to http://localhost:5001
[34m[1mMLflow: [0mdisable with 'yolo settings mlflow=False'
