
Plotting labels to runs/lscd_segmentation_20260510131215/labels.jpg... 
optimizer: AdamW(lr=0.01, momentum=0.937) with parameter groups 85 weight(decay=0.0), 156 weight(decay=0.0005), 175 bias(decay=0.0)
2026/05/10 05:12:34 INFO mlflow.tracking.fluent: Experiment with name 'lscd_segmentation' does not exist. Creating a new experiment.
MLflow: logging run_id(58ec1328aa2d47cbaad152db16221e48) to http://localhost:5001
MLflow: disable with 'yolo settings mlflow=False'
Image sizes 640 train, 640 val
Using 8 dataloader workers
Logging results to runs/lscd_segmentation_20260510131215
Starting training for 36 epochs...

      Epoch    GPU_mem   box_loss   seg_loss   cls_loss   dfl_loss  Instances       Size
  0%|          | 0/421 [00:00<?, ?it/s][边界感知损失-GPU优化版] 已启用，boundary_weight=1.5
       1/36      6.46G      1.747      3.248      2.359      2.055        318        640: 100%|██████████| 421/421 [01:26<00:00,  4.86it/
                 Class     Images  Instances      Box(P          R      mAP50  mAP50-95)     Mask(P          R      mAP50  mAP50-95):   0[边界感知损失-GPU优化版] 已启用，boundary_weight=1.5
                 Class     Images  Instances      Box(P          R      mAP50  mAP50-95)     Mask(P          R      mAP50  mAP50-95): 100
                   all        999      10386      0.304      0.269      0.236      0.187      0.305      0.269      0.237      0.174

      Epoch    GPU_mem   box_loss   seg_loss   cls_loss   dfl_loss  Instances       Size
       2/36      6.22G      1.001      2.356      1.674      1.401        305        640: 100%|██████████| 421/421 [01:04<00:00,  6.48it/
                 Class     Images  Instances      Box(P          R      mAP50  mAP50-95)     Mask(P          R      mAP50  mAP50-95): 100
                   all        999      10386      0.437      0.563      0.478      0.405      0.438      0.563      0.479      0.383

      Epoch    GPU_mem   box_loss   seg_loss   cls_loss   dfl_loss  Instances       Size
       3/36      6.17G     0.8829      2.086      1.493      1.298        284        640: 100%|██████████| 421/421 [01:03<00:00,  6.63it/
                 Class     Images  Instances      Box(P          R      mAP50  mAP50-95)     Mask(P          R      mAP50  mAP50-95): 100
                   all        999      10386      0.449       0.59       0.52      0.443      0.448      0.589      0.519      0.439

      Epoch    GPU_mem   box_loss   seg_loss   cls_loss   dfl_loss  Instances       Size
       4/36      6.74G     0.8082      1.941      1.378      1.247        329        640: 100%|██████████| 421/421 [01:04<00:00,  6.57it/
                 Class     Images  Instances      Box(P          R      mAP50  mAP50-95)     Mask(P          R      mAP50  mAP50-95): 100
                   all        999      10386      0.519      0.618      0.571      0.489       0.52      0.618      0.572      0.491

      Epoch    GPU_mem   box_loss   seg_loss   cls_loss   dfl_loss  Instances       Size
       5/36      6.41G     0.7524      1.801      1.288        1.2        256        640: 100%|██████████| 421/421 [01:03<00:00,  6.65it/
                 Class     Images  Instances      Box(P          R      mAP50  mAP50-95)     Mask(P          R      mAP50  mAP50-95): 100
                   all        999      10386      0.585      0.657      0.654      0.571      0.586      0.658      0.656      0.571

      Epoch    GPU_mem   box_loss   seg_loss   cls_loss   dfl_loss  Instances       Size
       6/36      6.49G     0.7187       1.73       1.23      1.169        233        640: 100%|██████████| 421/421 [01:04<00:00,  6.55it/
                 Class     Images  Instances      Box(P          R      mAP50  mAP50-95)     Mask(P          R      mAP50  mAP50-95): 100
                   all        999      10386      0.488      0.579      0.552      0.478      0.487      0.577      0.551      0.477

      Epoch    GPU_mem   box_loss   seg_loss   cls_loss   dfl_loss  Instances       Size
       7/36      6.11G      0.701      1.719      1.198      1.157        294        640: 100%|██████████| 421/421 [01:03<00:00,  6.63it/
                 Class     Images  Instances      Box(P          R      mAP50  mAP50-95)     Mask(P          R      mAP50  mAP50-95): 100
                   all        999      10386      0.638      0.673      0.682      0.604      0.641      0.672      0.683      0.602

      Epoch    GPU_mem   box_loss   seg_loss   cls_loss   dfl_loss  Instances       Size
       8/36      6.28G     0.6775      1.628      1.155      1.136        301        640: 100%|██████████| 421/421 [01:03<00:00,  6.60it/
                 Class     Images  Instances      Box(P          R      mAP50  mAP50-95)     Mask(P          R      mAP50  mAP50-95): 100
                   all        999      10386      0.616      0.669      0.679      0.597      0.618      0.671      0.681      0.598

      Epoch    GPU_mem   box_loss   seg_loss   cls_loss   dfl_loss  Instances       Size
       9/36      6.33G     0.6532      1.612      1.119       1.12        281        640: 100%|██████████| 421/421 [01:04<00:00,  6.56it/
                 Class     Images  Instances      Box(P          R      mAP50  mAP50-95)     Mask(P          R      mAP50  mAP50-95): 100
                   all        999      10386       0.67      0.686      0.715       0.64       0.67      0.688      0.716      0.638

      Epoch    GPU_mem   box_loss   seg_loss   cls_loss   dfl_loss  Instances       Size
      10/36      6.04G     0.6483      1.599      1.113      1.116        264        640: 100%|██████████| 421/421 [01:03<00:00,  6.63it/
                 Class     Images  Instances      Box(P          R      mAP50  mAP50-95)     Mask(P          R      mAP50  mAP50-95): 100
                   all        999      10386      0.678      0.697      0.719      0.642      0.677        0.7      0.721      0.649

      Epoch    GPU_mem   box_loss   seg_loss   cls_loss   dfl_loss  Instances       Size
      11/36      6.46G      0.634      1.539       1.08      1.103        350        640: 100%|██████████| 421/421 [01:05<00:00,  6.44it/
                 Class     Images  Instances      Box(P          R      mAP50  mAP50-95)     Mask(P          R      mAP50  mAP50-95): 100
                   all        999      10386      0.684      0.691      0.722      0.648      0.682      0.694      0.723      0.648

      Epoch    GPU_mem   box_loss   seg_loss   cls_loss   dfl_loss  Instances       Size
      12/36      6.24G     0.6248      1.559      1.067      1.096        285        640: 100%|██████████| 421/421 [01:04<00:00,  6.49it/
                 Class     Images  Instances      Box(P          R      mAP50  mAP50-95)     Mask(P          R      mAP50  mAP50-95): 100
                   all        999      10386      0.688      0.693      0.722      0.652      0.687      0.699      0.724      0.653

      Epoch    GPU_mem   box_loss   seg_loss   cls_loss   dfl_loss  Instances       Size
      13/36      6.09G     0.6139      1.495      1.049       1.09        354        640: 100%|██████████| 421/421 [01:03<00:00,  6.62it/
                 Class     Images  Instances      Box(P          R      mAP50  mAP50-95)     Mask(P          R      mAP50  mAP50-95): 100
                   all        999      10386      0.714      0.704      0.747      0.674      0.715      0.707      0.748      0.675

      Epoch    GPU_mem   box_loss   seg_loss   cls_loss   dfl_loss  Instances       Size
      14/36      6.11G     0.6006      1.457      1.029      1.076        267        640: 100%|██████████| 421/421 [01:03<00:00,  6.66it/
                 Class     Images  Instances      Box(P          R      mAP50  mAP50-95)     Mask(P          R      mAP50  mAP50-95): 100
                   all        999      10386        0.7      0.699      0.726      0.659        0.7      0.699      0.726      0.662

      Epoch    GPU_mem   box_loss   seg_loss   cls_loss   dfl_loss  Instances       Size
      15/36      6.44G     0.5962      1.477      1.016      1.073        290        640: 100%|██████████| 421/421 [01:04<00:00,  6.50it/
                 Class     Images  Instances      Box(P          R      mAP50  mAP50-95)     Mask(P          R      mAP50  mAP50-95): 100
                   all        999      10386        0.7       0.73      0.757       0.69        0.7       0.73      0.758       0.69

      Epoch    GPU_mem   box_loss   seg_loss   cls_loss   dfl_loss  Instances       Size
      16/36      6.18G     0.5838      1.444      1.014      1.067        352        640: 100%|██████████| 421/421 [01:02<00:00,  6.77it/
                 Class     Images  Instances      Box(P          R      mAP50  mAP50-95)     Mask(P          R      mAP50  mAP50-95): 100
                   all        999      10386      0.734      0.727      0.771      0.701      0.736      0.729      0.773      0.701

      Epoch    GPU_mem   box_loss   seg_loss   cls_loss   dfl_loss  Instances       Size
      17/36      6.46G     0.5813       1.43     0.9962      1.062        277        640: 100%|██████████| 421/421 [01:03<00:00,  6.60it/
                 Class     Images  Instances      Box(P          R      mAP50  mAP50-95)     Mask(P          R      mAP50  mAP50-95): 100
                   all        999      10386      0.734      0.718      0.762      0.695      0.734      0.718      0.763      0.695

      Epoch    GPU_mem   box_loss   seg_loss   cls_loss   dfl_loss  Instances       Size
      18/36      6.01G     0.5719      1.395     0.9801      1.055        285        640: 100%|██████████| 421/421 [01:02<00:00,  6.74it/
                 Class     Images  Instances      Box(P          R      mAP50  mAP50-95)     Mask(P          R      mAP50  mAP50-95): 100
                   all        999      10386      0.722      0.732      0.763      0.697      0.723      0.729      0.764      0.699

      Epoch    GPU_mem   box_loss   seg_loss   cls_loss   dfl_loss  Instances       Size
      19/36      6.19G     0.5679      1.391     0.9752       1.05        355        640: 100%|██████████| 421/421 [01:03<00:00,  6.59it/
                 Class     Images  Instances      Box(P          R      mAP50  mAP50-95)     Mask(P          R      mAP50  mAP50-95): 100
                   all        999      10386      0.734      0.736      0.776      0.708      0.733       0.74      0.777      0.707

      Epoch    GPU_mem   box_loss   seg_loss   cls_loss   dfl_loss  Instances       Size
      20/36      6.04G     0.5662      1.393     0.9618       1.05        264        640: 100%|██████████| 421/421 [01:02<00:00,  6.71it/
                 Class     Images  Instances      Box(P          R      mAP50  mAP50-95)     Mask(P          R      mAP50  mAP50-95): 100
                   all        999      10386      0.733      0.729      0.773      0.709      0.734      0.728      0.773      0.704

      Epoch    GPU_mem   box_loss   seg_loss   cls_loss   dfl_loss  Instances       Size
      21/36      6.27G     0.5609        1.4     0.9653      1.045        368        640: 100%|██████████| 421/421 [01:03<00:00,  6.62it/
                 Class     Images  Instances      Box(P          R      mAP50  mAP50-95)     Mask(P          R      mAP50  mAP50-95): 100
                   all        999      10386      0.748      0.724      0.767      0.707      0.749      0.725      0.767      0.704

      Epoch    GPU_mem   box_loss   seg_loss   cls_loss   dfl_loss  Instances       Size
      22/36      6.27G      0.552      1.344     0.9439       1.04        320        640: 100%|██████████| 421/421 [01:02<00:00,  6.69it/
                 Class     Images  Instances      Box(P          R      mAP50  mAP50-95)     Mask(P          R      mAP50  mAP50-95): 100
                   all        999      10386      0.751      0.714      0.765      0.702       0.75      0.717      0.766      0.702

      Epoch    GPU_mem   box_loss   seg_loss   cls_loss   dfl_loss  Instances       Size
      23/36      6.35G     0.5492      1.353     0.9375      1.036        256        640: 100%|██████████| 421/421 [01:02<00:00,  6.69it/
                 Class     Images  Instances      Box(P          R      mAP50  mAP50-95)     Mask(P          R      mAP50  mAP50-95): 100
                   all        999      10386      0.723      0.751      0.773      0.712      0.723      0.752      0.774      0.707

      Epoch    GPU_mem   box_loss   seg_loss   cls_loss   dfl_loss  Instances       Size
      24/36      6.42G     0.5451      1.341     0.9284      1.033        312        640: 100%|██████████| 421/421 [01:02<00:00,  6.74it/
                 Class     Images  Instances      Box(P          R      mAP50  mAP50-95)     Mask(P          R      mAP50  mAP50-95): 100
                   all        999      10386      0.744      0.737      0.777      0.712      0.741      0.741      0.777       0.71

      Epoch    GPU_mem   box_loss   seg_loss   cls_loss   dfl_loss  Instances       Size
      25/36      6.14G     0.5361      1.326     0.9182      1.026        283        640: 100%|██████████| 421/421 [01:02<00:00,  6.75it/
                 Class     Images  Instances      Box(P          R      mAP50  mAP50-95)     Mask(P          R      mAP50  mAP50-95): 100
                   all        999      10386      0.757       0.73      0.779      0.717      0.758      0.731      0.779      0.713

      Epoch    GPU_mem   box_loss   seg_loss   cls_loss   dfl_loss  Instances       Size
      26/36      6.48G     0.5325      1.303     0.9109      1.022        270        640: 100%|██████████| 421/421 [01:04<00:00,  6.53it/
                 Class     Images  Instances      Box(P          R      mAP50  mAP50-95)     Mask(P          R      mAP50  mAP50-95): 100
                   all        999      10386      0.753      0.744      0.785      0.723      0.754      0.746      0.787      0.719
Closing dataloader mosaic

      Epoch    GPU_mem   box_loss   seg_loss   cls_loss   dfl_loss  Instances       Size
      27/36      5.25G     0.4327     0.8446     0.6519      0.948        131        640: 100%|██████████| 421/421 [00:57<00:00,  7.32it/
                 Class     Images  Instances      Box(P          R      mAP50  mAP50-95)     Mask(P          R      mAP50  mAP50-95): 100
                   all        999      10386       0.74       0.75      0.788      0.728       0.74      0.751      0.789      0.729

      Epoch    GPU_mem   box_loss   seg_loss   cls_loss   dfl_loss  Instances       Size
      28/36      5.11G     0.4114     0.7831     0.5918     0.9326        146        640: 100%|██████████| 421/421 [00:56<00:00,  7.51it/
                 Class     Images  Instances      Box(P          R      mAP50  mAP50-95)     Mask(P          R      mAP50  mAP50-95): 100
                   all        999      10386      0.767      0.744      0.797      0.736      0.768      0.745      0.798       0.73

      Epoch    GPU_mem   box_loss   seg_loss   cls_loss   dfl_loss  Instances       Size
      29/36      5.41G      0.395     0.7513     0.5541     0.9221        143        640: 100%|██████████| 421/421 [00:55<00:00,  7.56it/
                 Class     Images  Instances      Box(P          R      mAP50  mAP50-95)     Mask(P          R      mAP50  mAP50-95): 100
                   all        999      10386      0.752      0.731      0.773      0.718      0.751      0.733      0.774      0.715

      Epoch    GPU_mem   box_loss   seg_loss   cls_loss   dfl_loss  Instances       Size
      30/36      5.11G     0.3829     0.7204      0.518     0.9132        177        640: 100%|██████████| 421/421 [00:56<00:00,  7.50it/
                 Class     Images  Instances      Box(P          R      mAP50  mAP50-95)     Mask(P          R      mAP50  mAP50-95): 100
                   all        999      10386      0.745      0.754      0.788      0.728      0.746      0.755      0.789      0.726

      Epoch    GPU_mem   box_loss   seg_loss   cls_loss   dfl_loss  Instances       Size
      31/36      5.26G      0.371     0.6979     0.4846     0.9053        139        640: 100%|██████████| 421/421 [00:56<00:00,  7.46it/
                 Class     Images  Instances      Box(P          R      mAP50  mAP50-95)     Mask(P          R      mAP50  mAP50-95): 100
                   all        999      10386      0.736      0.752      0.781      0.721      0.736      0.754      0.782      0.721

      Epoch    GPU_mem   box_loss   seg_loss   cls_loss   dfl_loss  Instances       Size
      32/36      5.34G     0.3613     0.6777     0.4506     0.8974        152        640: 100%|██████████| 421/421 [00:55<00:00,  7.52it/
                 Class     Images  Instances      Box(P          R      mAP50  mAP50-95)     Mask(P          R      mAP50  mAP50-95): 100
                   all        999      10386       0.74      0.755      0.779       0.72      0.741      0.755       0.78      0.718

      Epoch    GPU_mem   box_loss   seg_loss   cls_loss   dfl_loss  Instances       Size
      33/36      5.35G      0.352     0.6555     0.4141     0.8919        152        640: 100%|██████████| 421/421 [00:56<00:00,  7.49it/
                 Class     Images  Instances      Box(P          R      mAP50  mAP50-95)     Mask(P          R      mAP50  mAP50-95): 100
                   all        999      10386      0.743      0.749      0.773      0.713      0.743       0.75      0.774      0.712

      Epoch    GPU_mem   box_loss   seg_loss   cls_loss   dfl_loss  Instances       Size
      34/36      5.52G     0.3413      0.637     0.3792     0.8852        183        640: 100%|██████████| 421/421 [00:56<00:00,  7.49it/
                 Class     Images  Instances      Box(P          R      mAP50  mAP50-95)     Mask(P          R      mAP50  mAP50-95): 100
                   all        999      10386      0.737      0.745      0.769       0.71      0.736      0.747      0.769      0.709

      Epoch    GPU_mem   box_loss   seg_loss   cls_loss   dfl_loss  Instances       Size
      35/36      5.51G     0.3333     0.6232     0.3509      0.881        232        640: 100%|██████████| 421/421 [00:56<00:00,  7.50it/
                 Class     Images  Instances      Box(P          R      mAP50  mAP50-95)     Mask(P          R      mAP50  mAP50-95): 100
                   all        999      10386       0.74      0.738       0.76      0.703      0.739      0.739      0.761      0.701

      Epoch    GPU_mem   box_loss   seg_loss   cls_loss   dfl_loss  Instances       Size
      36/36      5.49G     0.3267     0.6094     0.3252     0.8771        111        640: 100%|██████████| 421/421 [00:56<00:00,  7.50it/
                 Class     Images  Instances      Box(P          R      mAP50  mAP50-95)     Mask(P          R      mAP50  mAP50-95): 100
                   all        999      10386      0.738      0.733      0.753      0.696      0.738      0.735      0.753      0.696

36 epochs completed in 0.715 hours.
Optimizer stripped from runs/lscd_segmentation_20260510131215/weights/last.pt, 5.8MB
Optimizer stripped from runs/lscd_segmentation_20260510131215/weights/best.pt, 5.8MB

Validating runs/lscd_segmentation_20260510131215/weights/best.pt...
Ultralytics 8.3.71 🚀 Python-3.10.16 torch-2.11.0+cu130 CUDA:0 (NVIDIA GeForce RTX 4090, 24081MiB)
YOLOv8-seg-cheap summary: 360 layers, 2,657,674 parameters, 0 gradients, 10.4 GFLOPs
                 Class     Images  Instances      Box(P          R      mAP50  mAP50-95)     Mask(P          R      mAP50  mAP50-95): 100
                   all        999      10386      0.766      0.745      0.797      0.736      0.768      0.745      0.798       0.73
      Carton-inner-all        473       2054       0.79      0.787      0.846      0.796      0.791      0.787      0.847      0.786
Carton-inner-occlusion        547       2408       0.79      0.751      0.812       0.75      0.791       0.75      0.812      0.734
      Carton-outer-all        839       4182      0.839      0.864      0.903      0.838      0.839      0.864      0.903      0.841
Carton-outer-occlusion        699       1742      0.646      0.577      0.628      0.559       0.65      0.579      0.632       0.56
Speed: 0.1ms preprocess, 0.8ms inference, 0.0ms loss, 0.7ms postprocess per image
Results saved to runs/lscd_segmentation_20260510131215
🏃 View run lscd_segmentation_20260510131215 at: http://localhost:5001/#/experiments/588763454226658060/runs/58ec1328aa2d47cbaad152db16221e48
🧪 View experiment at: http://localhost:5001/#/experiments/588763454226658060
MLflow: results logged to http://localhost:5001
MLflow: disable with 'yolo settings mlflow=False'
2026-05-10 05:55:45,387 - __main__ - INFO - 训练完成！