WARNING ⚠️ no model scale passed. Assuming scale='n'.
New https://pypi.org/project/ultralytics/8.4.48 available 😃 Update with 'pip install -U ultralytics'
Ultralytics 8.3.71 🚀 Python-3.10.16 torch-2.11.0+cu130 CUDA:0 (NVIDIA GeForce RTX 4090, 24081MiB)
[34m[1mengine/trainer: [0mtask=segment, mode=train, model=yolov8-seg-cheap.yaml, data=./coco_style_fourclass/yolo_dataset_seg/dataset.yaml, epochs=36, time=None, patience=100, batch=16, imgsz=640, save=True, save_period=-1, cache=False, device=0, workers=8, project=./runs/, name=lscd_segmentation_20260510140818, exist_ok=False, pretrained=False, optimizer=AdamW, verbose=True, seed=0, deterministic=True, single_cls=False, rect=False, cos_lr=False, close_mosaic=10, resume=False, amp=True, fraction=1.0, profile=False, freeze=None, multi_scale=False, overlap_mask=True, mask_ratio=4, boundary=1.5, boundary_width=3, dropout=0.0, val=True, split=val, save_json=False, save_hybrid=False, conf=0.25, iou=0.7, max_det=300, half=False, dnn=False, plots=True, source=None, vid_stride=1, stream_buffer=False, visualize=False, augment=False, agnostic_nms=False, classes=None, retina_masks=False, embed=None, show=False, save_frames=False, save_txt=False, save_conf=False, save_crop=False, show_labels=True, show_conf=True, show_boxes=True, line_width=None, format=torchscript, keras=False, optimize=False, int8=False, dynamic=False, simplify=True, opset=None, workspace=None, nms=False, lr0=0.01, lrf=0.01, momentum=0.937, weight_decay=0.0005, warmup_epochs=3.0, warmup_momentum=0.8, warmup_bias_lr=0.1, box=7.5, cls=0.5, dfl=1.5, pose=12.0, kobj=1.0, nbs=64, hsv_h=0.015, hsv_s=0.7, hsv_v=0.4, degrees=0.0, translate=0.1, scale=0.5, shear=0.0, perspective=0.0, flipud=0.0, fliplr=0.5, bgr=0.0, mosaic=1.0, mixup=0.1, copy_paste=0.1, copy_paste_mode=flip, auto_augment=randaugment, erasing=0.4, crop_fraction=1.0, cfg=None, tracker=botsort.yaml, save_dir=runs/lscd_segmentation_20260510140818
Overriding model.yaml nc=80 with nc=4
WARNING ⚠️ no model scale passed. Assuming scale='n'.

                   from  n    params  module                                       arguments                     
  0                  -1  1       544  ultralytics.nn.modules.conv.RepConv          [3, 16, 3, 2]                 
  1                  -1  1      3936  ultralytics.nn.modules.conv.RepConv          [16, 24, 3, 2]                
  2                  -1  1      7854  ultralytics.nn.modules.block.CheapC1         [24, 24, 1, 'UIB', 'CheapConv']
  3                  -1  1     11712  ultralytics.nn.modules.conv.RepConv          [24, 48, 3, 2]                
  4                  -1  1     28830  ultralytics.nn.modules.block.CheapC1         [48, 48, 1, 'UIB', 'CheapConv']
  5                  -1  1     46464  ultralytics.nn.modules.conv.RepConv          [48, 96, 3, 2]                
  6                  -1  3    311628  ultralytics.nn.modules.block.CheapC1         [96, 96, 3, 'UIB', 'CheapConv']
  7                  -1  1    185088  ultralytics.nn.modules.conv.RepConv          [96, 192, 3, 2]               
  8                  -1  1    430248  ultralytics.nn.modules.block.CheapC1         [192, 192, 1, 'UIB', 'CheapConv']
  9                  -1  1     92736  ultralytics.nn.modules.block.SPPF            [192, 192, 5]                 
 10                  -1  1         0  torch.nn.modules.upsampling.Upsample         [None, 2, 'nearest']          
 11             [-1, 6]  1         0  ultralytics.nn.modules.conv.Concat           [1]                           
 12                  -1  1    128580  ultralytics.nn.modules.block.CheapC1         [288, 96, 1, 'UIB', 'CheapConv']
 13                  -1  1         0  torch.nn.modules.upsampling.Upsample         [None, 2, 'nearest']          
 14             [-1, 4]  1         0  ultralytics.nn.modules.conv.Concat           [1]                           
 15                  -1  1     33438  ultralytics.nn.modules.block.CheapC1         [144, 48, 1, 'UIB', 'CheapConv']
 16                  -1  1     23232  ultralytics.nn.modules.conv.RepConv          [48, 48, 3, 2]                
 17            [-1, 12]  1         0  ultralytics.nn.modules.conv.Concat           [1]                           
 18                  -1  1    114756  ultralytics.nn.modules.block.CheapC1         [144, 96, 1, 'UIB', 'CheapConv']
 19                  -1  1     92544  ultralytics.nn.modules.conv.RepConv          [96, 96, 3, 2]                
 20             [-1, 9]  1         0  ultralytics.nn.modules.conv.Concat           [1]                           
 21                  -1  1    448680  ultralytics.nn.modules.block.CheapC1         [288, 192, 1, 'UIB', 'CheapConv']
 22        [15, 18, 21]  1    737212  ultralytics.nn.modules.head.Segment          [4, 32, 64, [48, 96, 192]]    
YOLOv8-seg-cheap summary: 440 layers, 2,697,482 parameters, 2,697,466 gradients, 10.6 GFLOPs

Freezing layer 'model.22.dfl.conv.weight'
[34m[1mAMP: [0mrunning Automatic Mixed Precision (AMP) checks...
[34m[1mAMP: [0mchecks passed ✅
[34m[1mval: [0mWARNING ⚠️ /root/pack/YOLO/coco_style_fourclass/yolo_dataset_seg/images/val/w (73).jpg: corrupt JPEG restored and saved
[34m[1mval: [0mWARNING ⚠️ /root/pack/YOLO/coco_style_fourclass/yolo_dataset_seg/images/val/w (81).jpg: corrupt JPEG restored and saved
[34m[1mval: [0mWARNING ⚠️ /root/pack/YOLO/coco_style_fourclass/yolo_dataset_seg/images/val/w (84).jpg: corrupt JPEG restored and saved
Plotting labels to runs/lscd_segmentation_20260510140818/labels.jpg... 
[34m[1moptimizer:[0m AdamW(lr=0.01, momentum=0.937) with parameter groups 85 weight(decay=0.0), 156 weight(decay=0.0005), 175 bias(decay=0.0)
[34m[1mMLflow: [0mlogging run_id(2b50fa037f504e4299199ac9ed39ba29) to http://localhost:5001
[34m[1mMLflow: [0mdisable with 'yolo settings mlflow=False'
Image sizes 640 train, 640 val
Using 8 dataloader workers
Logging results to [1mruns/lscd_segmentation_20260510140818[0m
Starting training for 36 epochs...

      Epoch    GPU_mem   box_loss   seg_loss   cls_loss   dfl_loss  Instances       Size
[边界感知损失-GPU优化版] 已启用，boundary_weight=1.5
[边界感知损失-GPU优化版] 已启用，boundary_weight=1.5
                   all        999      10386      0.286      0.422      0.291      0.218      0.287      0.424      0.292      0.216

      Epoch    GPU_mem   box_loss   seg_loss   cls_loss   dfl_loss  Instances       Size
                   all        999      10386      0.345       0.52      0.418      0.347      0.346       0.52      0.419      0.331

      Epoch    GPU_mem   box_loss   seg_loss   cls_loss   dfl_loss  Instances       Size
                   all        999      10386      0.467      0.559      0.507      0.426      0.467      0.559      0.507      0.425

      Epoch    GPU_mem   box_loss   seg_loss   cls_loss   dfl_loss  Instances       Size
                   all        999      10386       0.56      0.628       0.59      0.508      0.562      0.628      0.591      0.487

      Epoch    GPU_mem   box_loss   seg_loss   cls_loss   dfl_loss  Instances       Size
                   all        999      10386      0.569      0.643      0.622      0.537      0.572      0.646      0.625      0.538

      Epoch    GPU_mem   box_loss   seg_loss   cls_loss   dfl_loss  Instances       Size
                   all        999      10386      0.546      0.655      0.633      0.557       0.55      0.656      0.635      0.556

      Epoch    GPU_mem   box_loss   seg_loss   cls_loss   dfl_loss  Instances       Size
                   all        999      10386      0.593       0.66      0.657      0.584      0.592      0.667       0.66      0.584

      Epoch    GPU_mem   box_loss   seg_loss   cls_loss   dfl_loss  Instances       Size
                   all        999      10386       0.66       0.67      0.688      0.613      0.661      0.671      0.689      0.617

      Epoch    GPU_mem   box_loss   seg_loss   cls_loss   dfl_loss  Instances       Size
                   all        999      10386       0.63      0.699      0.695      0.624      0.629      0.703      0.696      0.622

      Epoch    GPU_mem   box_loss   seg_loss   cls_loss   dfl_loss  Instances       Size
                   all        999      10386      0.622      0.662      0.677      0.605      0.623      0.665      0.678      0.606

      Epoch    GPU_mem   box_loss   seg_loss   cls_loss   dfl_loss  Instances       Size
                   all        999      10386      0.656      0.691      0.713      0.634      0.658      0.692      0.714      0.637

      Epoch    GPU_mem   box_loss   seg_loss   cls_loss   dfl_loss  Instances       Size
                   all        999      10386      0.687      0.698      0.719      0.649      0.688      0.701       0.72      0.648

      Epoch    GPU_mem   box_loss   seg_loss   cls_loss   dfl_loss  Instances       Size
                   all        999      10386      0.691      0.694      0.723      0.649      0.692      0.696      0.725      0.649

      Epoch    GPU_mem   box_loss   seg_loss   cls_loss   dfl_loss  Instances       Size
                   all        999      10386      0.704      0.717      0.752      0.677      0.706      0.719      0.754      0.676

      Epoch    GPU_mem   box_loss   seg_loss   cls_loss   dfl_loss  Instances       Size
                   all        999      10386      0.683      0.738      0.758      0.689      0.688      0.737      0.759       0.69

      Epoch    GPU_mem   box_loss   seg_loss   cls_loss   dfl_loss  Instances       Size
                   all        999      10386      0.725       0.72      0.759       0.69      0.725      0.721       0.76      0.691

      Epoch    GPU_mem   box_loss   seg_loss   cls_loss   dfl_loss  Instances       Size
                   all        999      10386      0.697      0.725      0.756      0.687      0.699      0.727      0.758      0.686

      Epoch    GPU_mem   box_loss   seg_loss   cls_loss   dfl_loss  Instances       Size
                   all        999      10386      0.709      0.732      0.756      0.688      0.711      0.733      0.759      0.689

      Epoch    GPU_mem   box_loss   seg_loss   cls_loss   dfl_loss  Instances       Size
                   all        999      10386      0.729      0.726       0.76      0.697       0.73      0.727      0.761      0.695

      Epoch    GPU_mem   box_loss   seg_loss   cls_loss   dfl_loss  Instances       Size
                   all        999      10386      0.726      0.741      0.773      0.707      0.725      0.741      0.773      0.705

      Epoch    GPU_mem   box_loss   seg_loss   cls_loss   dfl_loss  Instances       Size
                   all        999      10386      0.722      0.745      0.771      0.708       0.72       0.75      0.772      0.707

      Epoch    GPU_mem   box_loss   seg_loss   cls_loss   dfl_loss  Instances       Size
                   all        999      10386      0.725       0.74      0.776      0.712      0.726      0.741      0.777      0.709

      Epoch    GPU_mem   box_loss   seg_loss   cls_loss   dfl_loss  Instances       Size
                   all        999      10386       0.72      0.742      0.777      0.712      0.717      0.746      0.778      0.708

      Epoch    GPU_mem   box_loss   seg_loss   cls_loss   dfl_loss  Instances       Size
                   all        999      10386      0.738      0.747      0.785      0.721      0.736       0.75      0.785      0.719

      Epoch    GPU_mem   box_loss   seg_loss   cls_loss   dfl_loss  Instances       Size
                   all        999      10386      0.739      0.751      0.783      0.719      0.741      0.749      0.784      0.716

      Epoch    GPU_mem   box_loss   seg_loss   cls_loss   dfl_loss  Instances       Size
                   all        999      10386      0.749      0.742      0.787      0.724      0.749      0.747      0.788      0.724
Closing dataloader mosaic

      Epoch    GPU_mem   box_loss   seg_loss   cls_loss   dfl_loss  Instances       Size
                   all        999      10386      0.752      0.751      0.791      0.726      0.753      0.751      0.792      0.722

      Epoch    GPU_mem   box_loss   seg_loss   cls_loss   dfl_loss  Instances       Size
                   all        999      10386      0.746      0.752      0.786      0.724      0.747      0.753      0.787      0.718

      Epoch    GPU_mem   box_loss   seg_loss   cls_loss   dfl_loss  Instances       Size
                   all        999      10386      0.762      0.759      0.798      0.737       0.76      0.763      0.798      0.735

      Epoch    GPU_mem   box_loss   seg_loss   cls_loss   dfl_loss  Instances       Size
                   all        999      10386      0.762      0.754      0.803      0.742      0.763      0.755      0.803      0.739

      Epoch    GPU_mem   box_loss   seg_loss   cls_loss   dfl_loss  Instances       Size
                   all        999      10386      0.764       0.77       0.81      0.751      0.761      0.772       0.81      0.744

      Epoch    GPU_mem   box_loss   seg_loss   cls_loss   dfl_loss  Instances       Size
                   all        999      10386      0.773      0.761      0.813      0.752      0.774      0.762      0.813      0.746

      Epoch    GPU_mem   box_loss   seg_loss   cls_loss   dfl_loss  Instances       Size
                   all        999      10386      0.759      0.774      0.814      0.753      0.759      0.774      0.814      0.749

      Epoch    GPU_mem   box_loss   seg_loss   cls_loss   dfl_loss  Instances       Size
                   all        999      10386      0.771      0.776       0.82       0.76      0.771      0.776       0.82      0.755

      Epoch    GPU_mem   box_loss   seg_loss   cls_loss   dfl_loss  Instances       Size
                   all        999      10386      0.781      0.767      0.819      0.762      0.782      0.768       0.82      0.756

      Epoch    GPU_mem   box_loss   seg_loss   cls_loss   dfl_loss  Instances       Size
                   all        999      10386      0.779      0.775      0.823      0.766       0.78      0.776      0.823      0.758

36 epochs completed in 0.726 hours.
Optimizer stripped from runs/lscd_segmentation_20260510140818/weights/last.pt, 5.8MB
Optimizer stripped from runs/lscd_segmentation_20260510140818/weights/best.pt, 5.8MB

Validating runs/lscd_segmentation_20260510140818/weights/best.pt...
Ultralytics 8.3.71 🚀 Python-3.10.16 torch-2.11.0+cu130 CUDA:0 (NVIDIA GeForce RTX 4090, 24081MiB)
YOLOv8-seg-cheap summary: 360 layers, 2,657,674 parameters, 0 gradients, 10.4 GFLOPs
                   all        999      10386      0.779      0.775      0.823      0.766       0.78      0.775      0.824      0.758
      Carton-inner-all        473       2054      0.821      0.799      0.869      0.825      0.821      0.799      0.869      0.813
Carton-inner-occlusion        547       2408      0.774      0.804      0.831      0.772      0.774      0.805      0.831      0.752
      Carton-outer-all        839       4182      0.844      0.885      0.919      0.861      0.844      0.885      0.919      0.864
Carton-outer-occlusion        699       1742      0.677      0.609      0.671      0.605       0.68      0.612      0.675      0.604
Speed: 0.1ms preprocess, 0.8ms inference, 0.0ms loss, 0.8ms postprocess per image
Results saved to [1mruns/lscd_segmentation_20260510140818[0m
🏃 View run lscd_segmentation_20260510140818 at: http://localhost:5001/#/experiments/588763454226658060/runs/2b50fa037f504e4299199ac9ed39ba29
🧪 View experiment at: http://localhost:5001/#/experiments/588763454226658060
[34m[1mMLflow: [0mresults logged to http://localhost:5001
[34m[1mMLflow: [0mdisable with 'yolo settings mlflow=False'
