WARNING ⚠️ no model scale passed. Assuming scale='n'.
New https://pypi.org/project/ultralytics/8.4.46 available 😃 Update with 'pip install -U ultralytics'
Ultralytics 8.3.71 🚀 Python-3.10.16 torch-2.2.2+cu121 CUDA:0 (NVIDIA GeForce RTX 4090, 24081MiB)
[34m[1mengine/trainer: [0mtask=segment, mode=train, model=yolov8-seg-cheap.yaml, data=./coco_style_fourclass/yolo_dataset_seg/dataset.yaml, epochs=36, time=None, patience=100, batch=16, imgsz=640, save=True, save_period=-1, cache=False, device=0, workers=8, project=./runs/, name=lscd_segmentation_20260504232735, exist_ok=False, pretrained=False, optimizer=AdamW, verbose=True, seed=0, deterministic=True, single_cls=False, rect=False, cos_lr=False, close_mosaic=10, resume=False, amp=True, fraction=1.0, profile=False, freeze=None, multi_scale=False, overlap_mask=True, mask_ratio=4, dropout=0.0, val=True, split=val, save_json=False, save_hybrid=False, conf=0.25, iou=0.7, max_det=300, half=False, dnn=False, plots=True, source=None, vid_stride=1, stream_buffer=False, visualize=False, augment=False, agnostic_nms=False, classes=None, retina_masks=False, embed=None, show=False, save_frames=False, save_txt=False, save_conf=False, save_crop=False, show_labels=True, show_conf=True, show_boxes=True, line_width=None, format=torchscript, keras=False, optimize=False, int8=False, dynamic=False, simplify=True, opset=None, workspace=None, nms=False, lr0=0.01, lrf=0.01, momentum=0.937, weight_decay=0.0005, warmup_epochs=3.0, warmup_momentum=0.8, warmup_bias_lr=0.1, box=7.5, cls=0.5, dfl=1.5, pose=12.0, kobj=1.0, nbs=64, hsv_h=0.015, hsv_s=0.7, hsv_v=0.4, degrees=0.0, translate=0.1, scale=0.5, shear=0.0, perspective=0.0, flipud=0.0, fliplr=0.5, bgr=0.0, mosaic=1.0, mixup=0.1, copy_paste=0.1, copy_paste_mode=flip, auto_augment=randaugment, erasing=0.4, crop_fraction=1.0, cfg=None, tracker=botsort.yaml, save_dir=runs/lscd_segmentation_20260504232735
Overriding model.yaml nc=80 with nc=4
WARNING ⚠️ no model scale passed. Assuming scale='n'.

                   from  n    params  module                                       arguments                     
  0                  -1  1       544  ultralytics.nn.modules.conv.RepConv          [3, 16, 3, 2]                 
  1                  -1  1      3936  ultralytics.nn.modules.conv.RepConv          [16, 24, 3, 2]                
  2                  -1  1      7854  ultralytics.nn.modules.block.CheapC1         [24, 24, 1, 'UIB', 'CheapConv']
  3                  -1  1     11712  ultralytics.nn.modules.conv.RepConv          [24, 48, 3, 2]                
  4                  -1  1     28830  ultralytics.nn.modules.block.CheapC1         [48, 48, 1, 'UIB', 'CheapConv']
  5                  -1  1     46464  ultralytics.nn.modules.conv.RepConv          [48, 96, 3, 2]                
  6                  -1  3    311628  ultralytics.nn.modules.block.CheapC1         [96, 96, 3, 'UIB', 'CheapConv']
  7                  -1  1    185088  ultralytics.nn.modules.conv.RepConv          [96, 192, 3, 2]               
  8                  -1  1    430248  ultralytics.nn.modules.block.CheapC1         [192, 192, 1, 'UIB', 'CheapConv']
  9                  -1  1     92736  ultralytics.nn.modules.block.SPPF            [192, 192, 5]                 
 10                  -1  1         0  torch.nn.modules.upsampling.Upsample         [None, 2, 'nearest']          
 11             [-1, 6]  1         0  ultralytics.nn.modules.conv.Concat           [1]                           
 12                  -1  1    128580  ultralytics.nn.modules.block.CheapC1         [288, 96, 1, 'UIB', 'CheapConv']
 13                  -1  1         0  torch.nn.modules.upsampling.Upsample         [None, 2, 'nearest']          
 14             [-1, 4]  1         0  ultralytics.nn.modules.conv.Concat           [1]                           
 15                  -1  1     33438  ultralytics.nn.modules.block.CheapC1         [144, 48, 1, 'UIB', 'CheapConv']
 16                  -1  1     23232  ultralytics.nn.modules.conv.RepConv          [48, 48, 3, 2]                
 17            [-1, 12]  1         0  ultralytics.nn.modules.conv.Concat           [1]                           
 18                  -1  1    114756  ultralytics.nn.modules.block.CheapC1         [144, 96, 1, 'UIB', 'CheapConv']
 19                  -1  1     92544  ultralytics.nn.modules.conv.RepConv          [96, 96, 3, 2]                
 20             [-1, 9]  1         0  ultralytics.nn.modules.conv.Concat           [1]                           
 21                  -1  1    448680  ultralytics.nn.modules.block.CheapC1         [288, 192, 1, 'UIB', 'CheapConv']
 22        [15, 18, 21]  1    737212  ultralytics.nn.modules.head.Segment          [4, 32, 64, [48, 96, 192]]    
YOLOv8-seg-cheap summary: 440 layers, 2,697,482 parameters, 2,697,466 gradients, 10.6 GFLOPs

Freezing layer 'model.22.dfl.conv.weight'
[34m[1mAMP: [0mrunning Automatic Mixed Precision (AMP) checks...
[34m[1mAMP: [0mchecks passed ✅
[34m[1mtrain: [0mWARNING ⚠️ /root/pack/YOLO/coco_style_fourclass/yolo_dataset_seg/images/train/1 (1).jpg: corrupt JPEG restored and saved
[34m[1mval: [0mWARNING ⚠️ /root/pack/YOLO/coco_style_fourclass/yolo_dataset_seg/images/val/w (84).jpg: corrupt JPEG restored and saved
[34m[1mval: [0mNew cache created: /root/pack/YOLO/coco_style_fourclass/yolo_dataset_seg/labels/val.cache
Plotting labels to runs/lscd_segmentation_20260504232735/labels.jpg... 
[34m[1moptimizer:[0m AdamW(lr=0.01, momentum=0.937) with parameter groups 85 weight(decay=0.0), 156 weight(decay=0.0005), 175 bias(decay=0.0)
[34m[1mMLflow: [0mlogging run_id(024f6767583e40399631d39d55915c24) to http://localhost:5001
[34m[1mMLflow: [0mdisable with 'yolo settings mlflow=False'
Image sizes 640 train, 640 val
Using 8 dataloader workers
Logging results to [1mruns/lscd_segmentation_20260504232735[0m
Starting training for 36 epochs...

      Epoch    GPU_mem   box_loss   seg_loss   cls_loss   dfl_loss  Instances       Size
                   all        999      10386      0.348      0.272      0.274      0.197      0.343      0.272       0.27      0.182

      Epoch    GPU_mem   box_loss   seg_loss   cls_loss   dfl_loss  Instances       Size
                   all        999      10386      0.329      0.543      0.395      0.317      0.328      0.543      0.395      0.304

      Epoch    GPU_mem   box_loss   seg_loss   cls_loss   dfl_loss  Instances       Size
                   all        999      10386      0.471      0.607      0.535      0.455      0.473      0.609      0.538      0.446

      Epoch    GPU_mem   box_loss   seg_loss   cls_loss   dfl_loss  Instances       Size
                   all        999      10386      0.556      0.615      0.585      0.507      0.556      0.617      0.585        0.5

      Epoch    GPU_mem   box_loss   seg_loss   cls_loss   dfl_loss  Instances       Size
                   all        999      10386      0.578      0.635      0.621      0.538      0.578      0.638      0.622      0.538

      Epoch    GPU_mem   box_loss   seg_loss   cls_loss   dfl_loss  Instances       Size
                   all        999      10386      0.572      0.645      0.648      0.567      0.574      0.647      0.652      0.562

      Epoch    GPU_mem   box_loss   seg_loss   cls_loss   dfl_loss  Instances       Size
                   all        999      10386      0.636      0.663      0.689      0.609      0.638      0.665      0.691      0.608

      Epoch    GPU_mem   box_loss   seg_loss   cls_loss   dfl_loss  Instances       Size
                   all        999      10386      0.665      0.676        0.7      0.624      0.667      0.675        0.7      0.627

      Epoch    GPU_mem   box_loss   seg_loss   cls_loss   dfl_loss  Instances       Size
                   all        999      10386      0.663      0.689      0.707      0.637      0.659      0.693      0.708      0.634

      Epoch    GPU_mem   box_loss   seg_loss   cls_loss   dfl_loss  Instances       Size
                   all        999      10386      0.654      0.683       0.71      0.639      0.655      0.684      0.711      0.638

      Epoch    GPU_mem   box_loss   seg_loss   cls_loss   dfl_loss  Instances       Size
                   all        999      10386      0.674      0.691      0.715      0.641      0.676      0.692      0.716      0.639

      Epoch    GPU_mem   box_loss   seg_loss   cls_loss   dfl_loss  Instances       Size
                   all        999      10386      0.698      0.687      0.717       0.65      0.698       0.69      0.719      0.646

      Epoch    GPU_mem   box_loss   seg_loss   cls_loss   dfl_loss  Instances       Size
                   all        999      10386      0.687      0.698      0.733      0.652      0.687      0.702      0.735      0.651

      Epoch    GPU_mem   box_loss   seg_loss   cls_loss   dfl_loss  Instances       Size
                   all        999      10386      0.692      0.709      0.741      0.669      0.694      0.712      0.743      0.668

      Epoch    GPU_mem   box_loss   seg_loss   cls_loss   dfl_loss  Instances       Size
                   all        999      10386       0.69       0.72       0.75      0.681      0.691      0.722      0.752      0.679

      Epoch    GPU_mem   box_loss   seg_loss   cls_loss   dfl_loss  Instances       Size
                   all        999      10386      0.654      0.753      0.743      0.678      0.656      0.755      0.744      0.678

      Epoch    GPU_mem   box_loss   seg_loss   cls_loss   dfl_loss  Instances       Size
                   all        999      10386      0.726      0.712       0.76      0.693      0.727      0.713      0.762      0.688

      Epoch    GPU_mem   box_loss   seg_loss   cls_loss   dfl_loss  Instances       Size
                   all        999      10386      0.722      0.731      0.769        0.7      0.724      0.732       0.77      0.697

      Epoch    GPU_mem   box_loss   seg_loss   cls_loss   dfl_loss  Instances       Size
                   all        999      10386      0.728      0.729      0.768      0.703      0.731      0.729       0.77      0.701

      Epoch    GPU_mem   box_loss   seg_loss   cls_loss   dfl_loss  Instances       Size
                   all        999      10386      0.732      0.727      0.766      0.699      0.733      0.727      0.767      0.696

      Epoch    GPU_mem   box_loss   seg_loss   cls_loss   dfl_loss  Instances       Size
                   all        999      10386      0.704      0.745      0.766      0.704      0.704      0.745      0.766      0.701

      Epoch    GPU_mem   box_loss   seg_loss   cls_loss   dfl_loss  Instances       Size
                   all        999      10386      0.731      0.742      0.778      0.713      0.732      0.743      0.779      0.709

      Epoch    GPU_mem   box_loss   seg_loss   cls_loss   dfl_loss  Instances       Size
                   all        999      10386       0.74      0.733      0.781      0.716       0.74      0.733      0.782       0.71

      Epoch    GPU_mem   box_loss   seg_loss   cls_loss   dfl_loss  Instances       Size
                   all        999      10386      0.744      0.752      0.787      0.724      0.745      0.754      0.788      0.718

      Epoch    GPU_mem   box_loss   seg_loss   cls_loss   dfl_loss  Instances       Size
                   all        999      10386      0.741      0.754      0.789      0.725       0.74      0.757      0.791       0.72

      Epoch    GPU_mem   box_loss   seg_loss   cls_loss   dfl_loss  Instances       Size
                   all        999      10386      0.755      0.746      0.788      0.727      0.754      0.749      0.789      0.724
Closing dataloader mosaic

      Epoch    GPU_mem   box_loss   seg_loss   cls_loss   dfl_loss  Instances       Size
                   all        999      10386      0.724      0.759      0.787      0.722      0.722      0.761      0.788      0.719

      Epoch    GPU_mem   box_loss   seg_loss   cls_loss   dfl_loss  Instances       Size
                   all        999      10386      0.758      0.755      0.796      0.735      0.757      0.757      0.797      0.727

      Epoch    GPU_mem   box_loss   seg_loss   cls_loss   dfl_loss  Instances       Size
                   all        999      10386      0.761      0.757      0.796      0.738      0.762      0.758      0.797      0.733

      Epoch    GPU_mem   box_loss   seg_loss   cls_loss   dfl_loss  Instances       Size
                   all        999      10386      0.761      0.754      0.801      0.743       0.76      0.757      0.802      0.736

      Epoch    GPU_mem   box_loss   seg_loss   cls_loss   dfl_loss  Instances       Size
                   all        999      10386       0.77      0.759      0.808      0.751      0.767      0.764      0.809      0.741

      Epoch    GPU_mem   box_loss   seg_loss   cls_loss   dfl_loss  Instances       Size
                   all        999      10386       0.77       0.77      0.815      0.754      0.769      0.774      0.815      0.745

      Epoch    GPU_mem   box_loss   seg_loss   cls_loss   dfl_loss  Instances       Size
                   all        999      10386      0.767      0.765      0.813      0.753      0.766      0.768      0.813      0.744

      Epoch    GPU_mem   box_loss   seg_loss   cls_loss   dfl_loss  Instances       Size
                   all        999      10386      0.773      0.778      0.822      0.763      0.774      0.779      0.823      0.755

      Epoch    GPU_mem   box_loss   seg_loss   cls_loss   dfl_loss  Instances       Size
                   all        999      10386      0.767      0.776      0.819      0.761      0.766      0.779      0.821      0.753

      Epoch    GPU_mem   box_loss   seg_loss   cls_loss   dfl_loss  Instances       Size
                   all        999      10386      0.776      0.777      0.822      0.765      0.776      0.779      0.823      0.755

36 epochs completed in 1.444 hours.
Optimizer stripped from runs/lscd_segmentation_20260504232735/weights/last.pt, 5.8MB
Optimizer stripped from runs/lscd_segmentation_20260504232735/weights/best.pt, 5.8MB

Validating runs/lscd_segmentation_20260504232735/weights/best.pt...
Ultralytics 8.3.71 🚀 Python-3.10.16 torch-2.2.2+cu121 CUDA:0 (NVIDIA GeForce RTX 4090, 24081MiB)
YOLOv8-seg-cheap summary: 360 layers, 2,657,674 parameters, 0 gradients, 10.4 GFLOPs
                   all        999      10386      0.776      0.777      0.822      0.765      0.776      0.779      0.823      0.755
      Carton-inner-all        473       2054      0.812      0.789      0.867      0.823      0.811       0.79      0.867      0.809
Carton-inner-occlusion        547       2408      0.773      0.809      0.832      0.771      0.771       0.81      0.831      0.751
      Carton-outer-all        839       4182      0.854      0.883      0.919       0.86      0.852      0.882      0.918      0.862
Carton-outer-occlusion        699       1742      0.665      0.627      0.669      0.605      0.668      0.633      0.674      0.597
Speed: 0.1ms preprocess, 1.3ms inference, 0.0ms loss, 0.9ms postprocess per image
Results saved to [1mruns/lscd_segmentation_20260504232735[0m
🏃 View run lscd_segmentation_20260504232735 at: http://localhost:5001/#/experiments/747226957975790456/runs/024f6767583e40399631d39d55915c24
🧪 View experiment at: http://localhost:5001/#/experiments/747226957975790456
[34m[1mMLflow: [0mresults logged to http://localhost:5001
[34m[1mMLflow: [0mdisable with 'yolo settings mlflow=False'
